TN:
SF:C:\Users\User\Desktop\Angular\DotNet\ProAgilApp\src\polyfills.ts
FNF:0
FNH:0
LF:0
LH:0
BRF:0
BRH:0
end_of_record
TN:
SF:C:\Users\User\Desktop\Angular\DotNet\ProAgilApp\src\test.ts
FNF:0
FNH:0
DA:13,1
DA:18,1
DA:20,1
LF:3
LH:3
BRF:0
BRH:0
end_of_record
TN:
SF:C:\Users\User\Desktop\Angular\DotNet\ProAgilApp\src\app\app.component.ts
FN:8,(anonymous_0)
FN:3,AppComponent
FNF:2
FNH:1
FNDA:1,(anonymous_0)
FNDA:0,AppComponent
DA:8,1
DA:9,0
DA:10,1
LF:3
LH:2
BRF:0
BRH:0
end_of_record
TN:
SF:C:\Users\User\Desktop\Angular\DotNet\ProAgilApp\src\app\eventos\eventos.component.ts
FN:9,(anonymous_0)
FN:13,EventosComponent
FN:15,(anonymous_2)
FN:19,(anonymous_3)
FN:20,(anonymous_4)
FN:22,(anonymous_5)
FNF:6
FNH:4
FNDA:1,(anonymous_0)
FNDA:1,EventosComponent
FNDA:1,(anonymous_2)
FNDA:1,(anonymous_3)
FNDA:0,(anonymous_4)
FNDA:0,(anonymous_5)
DA:9,1
DA:11,1
DA:13,1
DA:15,1
DA:16,1
DA:19,1
DA:20,1
DA:21,0
DA:23,0
DA:29,1
LF:10
LH:8
BRF:0
BRH:0
end_of_record
TN:
SF:C:\Users\User\Desktop\Angular\DotNet\ProAgilApp\src\app\nav\nav.component.ts
FN:8,(anonymous_0)
FN:12,NavComponent
FN:14,(anonymous_2)
FN:18,(anonymous_3)
FNF:4
FNH:4
FNDA:1,(anonymous_0)
FNDA:2,NavComponent
FNDA:2,(anonymous_2)
FNDA:1,(anonymous_3)
DA:8,1
DA:14,1
DA:15,2
DA:18,1
DA:19,1
DA:22,1
LF:6
LH:6
BRF:0
BRH:0
end_of_record
